{"C:\\Users\\Emmanuel\\Desktop\\ONLINE-DOGGIE\\backend\\src\\app.js": {"path":"C:\\Users\\Emmanuel\\Desktop\\ONLINE-DOGGIE\\backend\\src\\app.js","statementMap":{"0":{"start":{"line":1,"column":0},"end":{"line":1,"column":27}},"1":{"start":{"line":2,"column":20},"end":{"line":2,"column":52}},"2":{"start":{"line":3,"column":16},"end":{"line":3,"column":34}},"3":{"start":{"line":4,"column":13},"end":{"line":4,"column":28}},"4":{"start":{"line":5,"column":13},"end":{"line":5,"column":28}},"5":{"start":{"line":7,"column":19},"end":{"line":7,"column":50}},"6":{"start":{"line":8,"column":24},"end":{"line":8,"column":60}},"7":{"start":{"line":9,"column":22},"end":{"line":9,"column":56}},"8":{"start":{"line":11,"column":12},"end":{"line":11,"column":21}},"9":{"start":{"line":13,"column":0},"end":{"line":13,"column":16}},"10":{"start":{"line":14,"column":0},"end":{"line":14,"column":24}},"11":{"start":{"line":16,"column":0},"end":{"line":16,"column":90}},"12":{"start":{"line":18,"column":0},"end":{"line":18,"column":33}},"13":{"start":{"line":19,"column":0},"end":{"line":19,"column":43}},"14":{"start":{"line":20,"column":0},"end":{"line":20,"column":39}},"15":{"start":{"line":21,"column":0},"end":{"line":21,"column":35}},"16":{"start":{"line":23,"column":0},"end":{"line":25,"column":3}},"17":{"start":{"line":24,"column":4},"end":{"line":24,"column":49}},"18":{"start":{"line":27,"column":0},"end":{"line":27,"column":21}}},"fnMap":{"0":{"name":"(anonymous_0)","decl":{"start":{"line":23,"column":13},"end":{"line":23,"column":14}},"loc":{"start":{"line":23,"column":27},"end":{"line":25,"column":1}},"line":23}},"branchMap":{},"s":{"0":2,"1":2,"2":2,"3":2,"4":2,"5":2,"6":2,"7":2,"8":2,"9":2,"10":2,"11":2,"12":2,"13":2,"14":2,"15":2,"16":2,"17":0,"18":2},"f":{"0":0},"b":{},"_coverageSchema":"1a1c01bbd47fc00a2c39e90264f33305004495a9","hash":"84f690fcab37f1e68bebbbbf6348f9a4c87a4963"}
,"C:\\Users\\Emmanuel\\Desktop\\ONLINE-DOGGIE\\backend\\src\\config\\db.js": {"path":"C:\\Users\\Emmanuel\\Desktop\\ONLINE-DOGGIE\\backend\\src\\config\\db.js","statementMap":{"0":{"start":{"line":1,"column":17},"end":{"line":1,"column":30}},"1":{"start":{"line":2,"column":0},"end":{"line":2,"column":27}},"2":{"start":{"line":4,"column":13},"end":{"line":10,"column":2}},"3":{"start":{"line":12,"column":0},"end":{"line":12,"column":22}}},"fnMap":{},"branchMap":{},"s":{"0":4,"1":4,"2":4,"3":4},"f":{},"b":{},"_coverageSchema":"1a1c01bbd47fc00a2c39e90264f33305004495a9","hash":"452601fc13752963d82d33ed55e589d3db81e3fe"}
,"C:\\Users\\Emmanuel\\Desktop\\ONLINE-DOGGIE\\backend\\src\\controllers\\admin.controller.js": {"path":"C:\\Users\\Emmanuel\\Desktop\\ONLINE-DOGGIE\\backend\\src\\controllers\\admin.controller.js","statementMap":{"0":{"start":{"line":1,"column":13},"end":{"line":1,"column":36}},"1":{"start":{"line":3,"column":24},"end":{"line":17,"column":1}},"2":{"start":{"line":4,"column":4},"end":{"line":16,"column":5}},"3":{"start":{"line":5,"column":26},"end":{"line":5,"column":76}},"4":{"start":{"line":6,"column":25},"end":{"line":6,"column":74}},"5":{"start":{"line":7,"column":23},"end":{"line":7,"column":93}},"6":{"start":{"line":9,"column":8},"end":{"line":13,"column":11}},"7":{"start":{"line":15,"column":8},"end":{"line":15,"column":71}},"8":{"start":{"line":19,"column":25},"end":{"line":27,"column":1}},"9":{"start":{"line":20,"column":4},"end":{"line":26,"column":5}},"10":{"start":{"line":22,"column":26},"end":{"line":22,"column":98}},"11":{"start":{"line":23,"column":8},"end":{"line":23,"column":33}},"12":{"start":{"line":25,"column":8},"end":{"line":25,"column":72}},"13":{"start":{"line":29,"column":24},"end":{"line":54,"column":1}},"14":{"start":{"line":30,"column":22},"end":{"line":30,"column":30}},"15":{"start":{"line":31,"column":4},"end":{"line":53,"column":5}},"16":{"start":{"line":32,"column":26},"end":{"line":35,"column":9}},"17":{"start":{"line":37,"column":8},"end":{"line":39,"column":9}},"18":{"start":{"line":38,"column":12},"end":{"line":38,"column":78}},"19":{"start":{"line":41,"column":30},"end":{"line":41,"column":54}},"20":{"start":{"line":44,"column":8},"end":{"line":47,"column":10}},"21":{"start":{"line":49,"column":8},"end":{"line":49,"column":82}},"22":{"start":{"line":52,"column":8},"end":{"line":52,"column":79}},"23":{"start":{"line":56,"column":28},"end":{"line":74,"column":1}},"24":{"start":{"line":57,"column":4},"end":{"line":73,"column":5}},"25":{"start":{"line":58,"column":26},"end":{"line":69,"column":10}},"26":{"start":{"line":70,"column":8},"end":{"line":70,"column":33}},"27":{"start":{"line":72,"column":8},"end":{"line":72,"column":70}},"28":{"start":{"line":76,"column":0},"end":{"line":81,"column":2}}},"fnMap":{"0":{"name":"(anonymous_0)","decl":{"start":{"line":3,"column":24},"end":{"line":3,"column":25}},"loc":{"start":{"line":3,"column":44},"end":{"line":17,"column":1}},"line":3},"1":{"name":"(anonymous_1)","decl":{"start":{"line":19,"column":25},"end":{"line":19,"column":26}},"loc":{"start":{"line":19,"column":45},"end":{"line":27,"column":1}},"line":19},"2":{"name":"(anonymous_2)","decl":{"start":{"line":29,"column":24},"end":{"line":29,"column":25}},"loc":{"start":{"line":29,"column":44},"end":{"line":54,"column":1}},"line":29},"3":{"name":"(anonymous_3)","decl":{"start":{"line":56,"column":28},"end":{"line":56,"column":29}},"loc":{"start":{"line":56,"column":48},"end":{"line":74,"column":1}},"line":56}},"branchMap":{"0":{"loc":{"start":{"line":37,"column":8},"end":{"line":39,"column":9}},"type":"if","locations":[{"start":{"line":37,"column":8},"end":{"line":39,"column":9}},{"start":{},"end":{}}],"line":37}},"s":{"0":2,"1":2,"2":0,"3":0,"4":0,"5":0,"6":0,"7":0,"8":2,"9":0,"10":0,"11":0,"12":0,"13":2,"14":0,"15":0,"16":0,"17":0,"18":0,"19":0,"20":0,"21":0,"22":0,"23":2,"24":0,"25":0,"26":0,"27":0,"28":2},"f":{"0":0,"1":0,"2":0,"3":0},"b":{"0":[0,0]},"_coverageSchema":"1a1c01bbd47fc00a2c39e90264f33305004495a9","hash":"a8c2feeddcf7fc321f2776550ba20ae3e1dcf5cc"}
,"C:\\Users\\Emmanuel\\Desktop\\ONLINE-DOGGIE\\backend\\src\\controllers\\auth.controller.js": {"path":"C:\\Users\\Emmanuel\\Desktop\\ONLINE-DOGGIE\\backend\\src\\controllers\\auth.controller.js","statementMap":{"0":{"start":{"line":1,"column":13},"end":{"line":1,"column":36}},"1":{"start":{"line":2,"column":54},"end":{"line":2,"column":82}},"2":{"start":{"line":3,"column":19},"end":{"line":3,"column":40}},"3":{"start":{"line":4,"column":12},"end":{"line":4,"column":35}},"4":{"start":{"line":5,"column":0},"end":{"line":5,"column":27}},"5":{"start":{"line":7,"column":20},"end":{"line":13,"column":2}},"6":{"start":{"line":15,"column":0},"end":{"line":79,"column":2}},"7":{"start":{"line":16,"column":4},"end":{"line":78,"column":5}},"8":{"start":{"line":17,"column":55},"end":{"line":17,"column":63}},"9":{"start":{"line":19,"column":8},"end":{"line":21,"column":9}},"10":{"start":{"line":20,"column":12},"end":{"line":20,"column":90}},"11":{"start":{"line":23,"column":28},"end":{"line":23,"column":68}},"12":{"start":{"line":24,"column":8},"end":{"line":26,"column":9}},"13":{"start":{"line":25,"column":12},"end":{"line":25,"column":83}},"14":{"start":{"line":28,"column":8},"end":{"line":30,"column":9}},"15":{"start":{"line":29,"column":12},"end":{"line":29,"column":101}},"16":{"start":{"line":32,"column":23},"end":{"line":34,"column":9}},"17":{"start":{"line":36,"column":8},"end":{"line":38,"column":9}},"18":{"start":{"line":37,"column":12},"end":{"line":37,"column":77}},"19":{"start":{"line":40,"column":29},"end":{"line":40,"column":57}},"20":{"start":{"line":42,"column":31},"end":{"line":42,"column":85}},"21":{"start":{"line":43,"column":31},"end":{"line":43,"column":68}},"22":{"start":{"line":45,"column":8},"end":{"line":49,"column":10}},"23":{"start":{"line":51,"column":8},"end":{"line":69,"column":9}},"24":{"start":{"line":52,"column":12},"end":{"line":68,"column":15}},"25":{"start":{"line":71,"column":8},"end":{"line":74,"column":11}},"26":{"start":{"line":77,"column":8},"end":{"line":77,"column":55}},"27":{"start":{"line":81,"column":0},"end":{"line":124,"column":2}},"28":{"start":{"line":82,"column":4},"end":{"line":123,"column":5}},"29":{"start":{"line":83,"column":34},"end":{"line":83,"column":42}},"30":{"start":{"line":85,"column":8},"end":{"line":87,"column":9}},"31":{"start":{"line":86,"column":12},"end":{"line":86,"column":95}},"32":{"start":{"line":89,"column":23},"end":{"line":91,"column":9}},"33":{"start":{"line":93,"column":8},"end":{"line":95,"column":9}},"34":{"start":{"line":94,"column":12},"end":{"line":94,"column":78}},"35":{"start":{"line":97,"column":24},"end":{"line":97,"column":38}},"36":{"start":{"line":99,"column":8},"end":{"line":101,"column":9}},"37":{"start":{"line":100,"column":12},"end":{"line":100,"column":95}},"38":{"start":{"line":104,"column":8},"end":{"line":106,"column":9}},"39":{"start":{"line":105,"column":12},"end":{"line":105,"column":96}},"40":{"start":{"line":108,"column":8},"end":{"line":110,"column":9}},"41":{"start":{"line":109,"column":12},"end":{"line":109,"column":94}},"42":{"start":{"line":112,"column":8},"end":{"line":117,"column":10}},"43":{"start":{"line":119,"column":8},"end":{"line":119,"column":92}},"44":{"start":{"line":122,"column":8},"end":{"line":122,"column":55}},"45":{"start":{"line":126,"column":0},"end":{"line":196,"column":2}},"46":{"start":{"line":127,"column":4},"end":{"line":195,"column":5}},"47":{"start":{"line":128,"column":36},"end":{"line":128,"column":44}},"48":{"start":{"line":130,"column":8},"end":{"line":132,"column":9}},"49":{"start":{"line":131,"column":12},"end":{"line":131,"column":90}},"50":{"start":{"line":134,"column":23},"end":{"line":136,"column":9}},"51":{"start":{"line":138,"column":8},"end":{"line":140,"column":9}},"52":{"start":{"line":139,"column":12},"end":{"line":139,"column":78}},"53":{"start":{"line":142,"column":24},"end":{"line":142,"column":38}},"54":{"start":{"line":144,"column":8},"end":{"line":146,"column":9}},"55":{"start":{"line":145,"column":12},"end":{"line":145,"column":107}},"56":{"start":{"line":148,"column":22},"end":{"line":148,"column":70}},"57":{"start":{"line":149,"column":8},"end":{"line":151,"column":9}},"58":{"start":{"line":150,"column":12},"end":{"line":150,"column":78}},"59":{"start":{"line":153,"column":8},"end":{"line":179,"column":9}},"60":{"start":{"line":154,"column":27},"end":{"line":154,"column":81}},"61":{"start":{"line":155,"column":27},"end":{"line":155,"column":64}},"62":{"start":{"line":157,"column":12},"end":{"line":160,"column":14}},"63":{"start":{"line":162,"column":12},"end":{"line":170,"column":13}},"64":{"start":{"line":163,"column":16},"end":{"line":169,"column":19}},"65":{"start":{"line":172,"column":34},"end":{"line":176,"column":13}},"66":{"start":{"line":178,"column":12},"end":{"line":178,"column":136}},"67":{"start":{"line":181,"column":22},"end":{"line":181,"column":71}},"68":{"start":{"line":183,"column":8},"end":{"line":191,"column":11}},"69":{"start":{"line":194,"column":8},"end":{"line":194,"column":55}},"70":{"start":{"line":198,"column":0},"end":{"line":251,"column":2}},"71":{"start":{"line":199,"column":4},"end":{"line":250,"column":5}},"72":{"start":{"line":200,"column":42},"end":{"line":200,"column":50}},"73":{"start":{"line":202,"column":8},"end":{"line":204,"column":9}},"74":{"start":{"line":203,"column":12},"end":{"line":203,"column":74}},"75":{"start":{"line":207,"column":8},"end":{"line":211,"column":9}},"76":{"start":{"line":208,"column":12},"end":{"line":208,"column":72}},"77":{"start":{"line":210,"column":12},"end":{"line":210,"column":91}},"78":{"start":{"line":213,"column":23},"end":{"line":215,"column":9}},"79":{"start":{"line":217,"column":8},"end":{"line":219,"column":9}},"80":{"start":{"line":218,"column":12},"end":{"line":218,"column":78}},"81":{"start":{"line":221,"column":24},"end":{"line":221,"column":38}},"82":{"start":{"line":223,"column":8},"end":{"line":225,"column":9}},"83":{"start":{"line":224,"column":12},"end":{"line":224,"column":74}},"84":{"start":{"line":227,"column":8},"end":{"line":229,"column":9}},"85":{"start":{"line":228,"column":12},"end":{"line":228,"column":78}},"86":{"start":{"line":231,"column":8},"end":{"line":234,"column":10}},"87":{"start":{"line":236,"column":22},"end":{"line":236,"column":71}},"88":{"start":{"line":238,"column":8},"end":{"line":246,"column":11}},"89":{"start":{"line":249,"column":8},"end":{"line":249,"column":55}},"90":{"start":{"line":253,"column":0},"end":{"line":298,"column":2}},"91":{"start":{"line":254,"column":4},"end":{"line":297,"column":5}},"92":{"start":{"line":255,"column":26},"end":{"line":255,"column":34}},"93":{"start":{"line":257,"column":8},"end":{"line":259,"column":9}},"94":{"start":{"line":258,"column":12},"end":{"line":258,"column":81}},"95":{"start":{"line":261,"column":23},"end":{"line":263,"column":9}},"96":{"start":{"line":265,"column":8},"end":{"line":267,"column":9}},"97":{"start":{"line":266,"column":12},"end":{"line":266,"column":92}},"98":{"start":{"line":269,"column":24},"end":{"line":269,"column":38}},"99":{"start":{"line":271,"column":31},"end":{"line":275,"column":9}},"100":{"start":{"line":277,"column":8},"end":{"line":288,"column":9}},"101":{"start":{"line":278,"column":12},"end":{"line":287,"column":15}},"102":{"start":{"line":290,"column":8},"end":{"line":293,"column":11}},"103":{"start":{"line":296,"column":8},"end":{"line":296,"column":55}},"104":{"start":{"line":300,"column":0},"end":{"line":316,"column":2}},"105":{"start":{"line":301,"column":4},"end":{"line":315,"column":5}},"106":{"start":{"line":302,"column":23},"end":{"line":305,"column":9}},"107":{"start":{"line":307,"column":8},"end":{"line":309,"column":9}},"108":{"start":{"line":308,"column":12},"end":{"line":308,"column":78}},"109":{"start":{"line":311,"column":8},"end":{"line":311,"column":33}},"110":{"start":{"line":314,"column":8},"end":{"line":314,"column":55}},"111":{"start":{"line":318,"column":0},"end":{"line":341,"column":2}},"112":{"start":{"line":319,"column":4},"end":{"line":340,"column":5}},"113":{"start":{"line":320,"column":45},"end":{"line":320,"column":53}},"114":{"start":{"line":322,"column":8},"end":{"line":324,"column":9}},"115":{"start":{"line":323,"column":12},"end":{"line":323,"column":89}},"116":{"start":{"line":326,"column":28},"end":{"line":326,"column":68}},"117":{"start":{"line":327,"column":8},"end":{"line":329,"column":9}},"118":{"start":{"line":328,"column":12},"end":{"line":328,"column":83}},"119":{"start":{"line":331,"column":8},"end":{"line":334,"column":10}},"120":{"start":{"line":336,"column":8},"end":{"line":336,"column":66}},"121":{"start":{"line":339,"column":8},"end":{"line":339,"column":55}},"122":{"start":{"line":343,"column":0},"end":{"line":378,"column":2}},"123":{"start":{"line":344,"column":4},"end":{"line":377,"column":5}},"124":{"start":{"line":345,"column":50},"end":{"line":345,"column":58}},"125":{"start":{"line":347,"column":8},"end":{"line":349,"column":9}},"126":{"start":{"line":348,"column":12},"end":{"line":348,"column":90}},"127":{"start":{"line":351,"column":8},"end":{"line":353,"column":9}},"128":{"start":{"line":352,"column":12},"end":{"line":352,"column":107}},"129":{"start":{"line":355,"column":23},"end":{"line":357,"column":9}},"130":{"start":{"line":359,"column":24},"end":{"line":359,"column":38}},"131":{"start":{"line":361,"column":22},"end":{"line":361,"column":76}},"132":{"start":{"line":362,"column":8},"end":{"line":364,"column":9}},"133":{"start":{"line":363,"column":12},"end":{"line":363,"column":91}},"134":{"start":{"line":366,"column":26},"end":{"line":366,"column":59}},"135":{"start":{"line":368,"column":8},"end":{"line":371,"column":10}},"136":{"start":{"line":373,"column":8},"end":{"line":373,"column":66}},"137":{"start":{"line":376,"column":8},"end":{"line":376,"column":55}}},"fnMap":{"0":{"name":"(anonymous_0)","decl":{"start":{"line":15,"column":19},"end":{"line":15,"column":20}},"loc":{"start":{"line":15,"column":39},"end":{"line":79,"column":1}},"line":15},"1":{"name":"(anonymous_1)","decl":{"start":{"line":81,"column":26},"end":{"line":81,"column":27}},"loc":{"start":{"line":81,"column":46},"end":{"line":124,"column":1}},"line":81},"2":{"name":"(anonymous_2)","decl":{"start":{"line":126,"column":16},"end":{"line":126,"column":17}},"loc":{"start":{"line":126,"column":36},"end":{"line":196,"column":1}},"line":126},"3":{"name":"(anonymous_3)","decl":{"start":{"line":198,"column":23},"end":{"line":198,"column":24}},"loc":{"start":{"line":198,"column":43},"end":{"line":251,"column":1}},"line":198},"4":{"name":"(anonymous_4)","decl":{"start":{"line":253,"column":28},"end":{"line":253,"column":29}},"loc":{"start":{"line":253,"column":48},"end":{"line":298,"column":1}},"line":253},"5":{"name":"(anonymous_5)","decl":{"start":{"line":300,"column":24},"end":{"line":300,"column":25}},"loc":{"start":{"line":300,"column":44},"end":{"line":316,"column":1}},"line":300},"6":{"name":"(anonymous_6)","decl":{"start":{"line":318,"column":23},"end":{"line":318,"column":24}},"loc":{"start":{"line":318,"column":43},"end":{"line":341,"column":1}},"line":318},"7":{"name":"(anonymous_7)","decl":{"start":{"line":343,"column":26},"end":{"line":343,"column":27}},"loc":{"start":{"line":343,"column":46},"end":{"line":378,"column":1}},"line":343}},"branchMap":{"0":{"loc":{"start":{"line":19,"column":8},"end":{"line":21,"column":9}},"type":"if","locations":[{"start":{"line":19,"column":8},"end":{"line":21,"column":9}},{"start":{},"end":{}}],"line":19},"1":{"loc":{"start":{"line":19,"column":12},"end":{"line":19,"column":56}},"type":"binary-expr","locations":[{"start":{"line":19,"column":12},"end":{"line":19,"column":19}},{"start":{"line":19,"column":23},"end":{"line":19,"column":29}},{"start":{"line":19,"column":33},"end":{"line":19,"column":42}},{"start":{"line":19,"column":46},"end":{"line":19,"column":56}}],"line":19},"2":{"loc":{"start":{"line":24,"column":8},"end":{"line":26,"column":9}},"type":"if","locations":[{"start":{"line":24,"column":8},"end":{"line":26,"column":9}},{"start":{},"end":{}}],"line":24},"3":{"loc":{"start":{"line":28,"column":8},"end":{"line":30,"column":9}},"type":"if","locations":[{"start":{"line":28,"column":8},"end":{"line":30,"column":9}},{"start":{},"end":{}}],"line":28},"4":{"loc":{"start":{"line":36,"column":8},"end":{"line":38,"column":9}},"type":"if","locations":[{"start":{"line":36,"column":8},"end":{"line":38,"column":9}},{"start":{},"end":{}}],"line":36},"5":{"loc":{"start":{"line":51,"column":8},"end":{"line":69,"column":9}},"type":"if","locations":[{"start":{"line":51,"column":8},"end":{"line":69,"column":9}},{"start":{},"end":{}}],"line":51},"6":{"loc":{"start":{"line":73,"column":28},"end":{"line":73,"column":88}},"type":"cond-expr","locations":[{"start":{"line":73,"column":62},"end":{"line":73,"column":76}},{"start":{"line":73,"column":79},"end":{"line":73,"column":88}}],"line":73},"7":{"loc":{"start":{"line":85,"column":8},"end":{"line":87,"column":9}},"type":"if","locations":[{"start":{"line":85,"column":8},"end":{"line":87,"column":9}},{"start":{},"end":{}}],"line":85},"8":{"loc":{"start":{"line":85,"column":12},"end":{"line":85,"column":29}},"type":"binary-expr","locations":[{"start":{"line":85,"column":12},"end":{"line":85,"column":18}},{"start":{"line":85,"column":22},"end":{"line":85,"column":29}}],"line":85},"9":{"loc":{"start":{"line":93,"column":8},"end":{"line":95,"column":9}},"type":"if","locations":[{"start":{"line":93,"column":8},"end":{"line":95,"column":9}},{"start":{},"end":{}}],"line":93},"10":{"loc":{"start":{"line":99,"column":8},"end":{"line":101,"column":9}},"type":"if","locations":[{"start":{"line":99,"column":8},"end":{"line":101,"column":9}},{"start":{},"end":{}}],"line":99},"11":{"loc":{"start":{"line":104,"column":8},"end":{"line":106,"column":9}},"type":"if","locations":[{"start":{"line":104,"column":8},"end":{"line":106,"column":9}},{"start":{},"end":{}}],"line":104},"12":{"loc":{"start":{"line":104,"column":12},"end":{"line":104,"column":118}},"type":"binary-expr","locations":[{"start":{"line":104,"column":12},"end":{"line":104,"column":40}},{"start":{"line":104,"column":44},"end":{"line":104,"column":118}}],"line":104},"13":{"loc":{"start":{"line":108,"column":8},"end":{"line":110,"column":9}},"type":"if","locations":[{"start":{"line":108,"column":8},"end":{"line":110,"column":9}},{"start":{},"end":{}}],"line":108},"14":{"loc":{"start":{"line":130,"column":8},"end":{"line":132,"column":9}},"type":"if","locations":[{"start":{"line":130,"column":8},"end":{"line":132,"column":9}},{"start":{},"end":{}}],"line":130},"15":{"loc":{"start":{"line":130,"column":12},"end":{"line":130,"column":31}},"type":"binary-expr","locations":[{"start":{"line":130,"column":12},"end":{"line":130,"column":18}},{"start":{"line":130,"column":22},"end":{"line":130,"column":31}}],"line":130},"16":{"loc":{"start":{"line":138,"column":8},"end":{"line":140,"column":9}},"type":"if","locations":[{"start":{"line":138,"column":8},"end":{"line":140,"column":9}},{"start":{},"end":{}}],"line":138},"17":{"loc":{"start":{"line":144,"column":8},"end":{"line":146,"column":9}},"type":"if","locations":[{"start":{"line":144,"column":8},"end":{"line":146,"column":9}},{"start":{},"end":{}}],"line":144},"18":{"loc":{"start":{"line":149,"column":8},"end":{"line":151,"column":9}},"type":"if","locations":[{"start":{"line":149,"column":8},"end":{"line":151,"column":9}},{"start":{},"end":{}}],"line":149},"19":{"loc":{"start":{"line":153,"column":8},"end":{"line":179,"column":9}},"type":"if","locations":[{"start":{"line":153,"column":8},"end":{"line":179,"column":9}},{"start":{},"end":{}}],"line":153},"20":{"loc":{"start":{"line":162,"column":12},"end":{"line":170,"column":13}},"type":"if","locations":[{"start":{"line":162,"column":12},"end":{"line":170,"column":13}},{"start":{},"end":{}}],"line":162},"21":{"loc":{"start":{"line":178,"column":80},"end":{"line":178,"column":132}},"type":"cond-expr","locations":[{"start":{"line":178,"column":114},"end":{"line":178,"column":120}},{"start":{"line":178,"column":123},"end":{"line":178,"column":132}}],"line":178},"22":{"loc":{"start":{"line":202,"column":8},"end":{"line":204,"column":9}},"type":"if","locations":[{"start":{"line":202,"column":8},"end":{"line":204,"column":9}},{"start":{},"end":{}}],"line":202},"23":{"loc":{"start":{"line":202,"column":12},"end":{"line":202,"column":37}},"type":"binary-expr","locations":[{"start":{"line":202,"column":12},"end":{"line":202,"column":19}},{"start":{"line":202,"column":23},"end":{"line":202,"column":37}}],"line":202},"24":{"loc":{"start":{"line":217,"column":8},"end":{"line":219,"column":9}},"type":"if","locations":[{"start":{"line":217,"column":8},"end":{"line":219,"column":9}},{"start":{},"end":{}}],"line":217},"25":{"loc":{"start":{"line":223,"column":8},"end":{"line":225,"column":9}},"type":"if","locations":[{"start":{"line":223,"column":8},"end":{"line":225,"column":9}},{"start":{},"end":{}}],"line":223},"26":{"loc":{"start":{"line":227,"column":8},"end":{"line":229,"column":9}},"type":"if","locations":[{"start":{"line":227,"column":8},"end":{"line":229,"column":9}},{"start":{},"end":{}}],"line":227},"27":{"loc":{"start":{"line":257,"column":8},"end":{"line":259,"column":9}},"type":"if","locations":[{"start":{"line":257,"column":8},"end":{"line":259,"column":9}},{"start":{},"end":{}}],"line":257},"28":{"loc":{"start":{"line":265,"column":8},"end":{"line":267,"column":9}},"type":"if","locations":[{"start":{"line":265,"column":8},"end":{"line":267,"column":9}},{"start":{},"end":{}}],"line":265},"29":{"loc":{"start":{"line":277,"column":8},"end":{"line":288,"column":9}},"type":"if","locations":[{"start":{"line":277,"column":8},"end":{"line":288,"column":9}},{"start":{},"end":{}}],"line":277},"30":{"loc":{"start":{"line":292,"column":27},"end":{"line":292,"column":87}},"type":"cond-expr","locations":[{"start":{"line":292,"column":61},"end":{"line":292,"column":75}},{"start":{"line":292,"column":78},"end":{"line":292,"column":87}}],"line":292},"31":{"loc":{"start":{"line":307,"column":8},"end":{"line":309,"column":9}},"type":"if","locations":[{"start":{"line":307,"column":8},"end":{"line":309,"column":9}},{"start":{},"end":{}}],"line":307},"32":{"loc":{"start":{"line":322,"column":8},"end":{"line":324,"column":9}},"type":"if","locations":[{"start":{"line":322,"column":8},"end":{"line":324,"column":9}},{"start":{},"end":{}}],"line":322},"33":{"loc":{"start":{"line":322,"column":12},"end":{"line":322,"column":29}},"type":"binary-expr","locations":[{"start":{"line":322,"column":12},"end":{"line":322,"column":19}},{"start":{"line":322,"column":23},"end":{"line":322,"column":29}}],"line":322},"34":{"loc":{"start":{"line":327,"column":8},"end":{"line":329,"column":9}},"type":"if","locations":[{"start":{"line":327,"column":8},"end":{"line":329,"column":9}},{"start":{},"end":{}}],"line":327},"35":{"loc":{"start":{"line":333,"column":28},"end":{"line":333,"column":45}},"type":"binary-expr","locations":[{"start":{"line":333,"column":28},"end":{"line":333,"column":37}},{"start":{"line":333,"column":41},"end":{"line":333,"column":45}}],"line":333},"36":{"loc":{"start":{"line":347,"column":8},"end":{"line":349,"column":9}},"type":"if","locations":[{"start":{"line":347,"column":8},"end":{"line":349,"column":9}},{"start":{},"end":{}}],"line":347},"37":{"loc":{"start":{"line":347,"column":12},"end":{"line":347,"column":45}},"type":"binary-expr","locations":[{"start":{"line":347,"column":12},"end":{"line":347,"column":27}},{"start":{"line":347,"column":31},"end":{"line":347,"column":45}}],"line":347},"38":{"loc":{"start":{"line":351,"column":8},"end":{"line":353,"column":9}},"type":"if","locations":[{"start":{"line":351,"column":8},"end":{"line":353,"column":9}},{"start":{},"end":{}}],"line":351},"39":{"loc":{"start":{"line":362,"column":8},"end":{"line":364,"column":9}},"type":"if","locations":[{"start":{"line":362,"column":8},"end":{"line":364,"column":9}},{"start":{},"end":{}}],"line":362}},"s":{"0":3,"1":3,"2":3,"3":3,"4":3,"5":3,"6":3,"7":10,"8":10,"9":10,"10":2,"11":8,"12":8,"13":1,"14":7,"15":2,"16":5,"17":4,"18":2,"19":2,"20":2,"21":2,"22":2,"23":2,"24":0,"25":2,"26":1,"27":3,"28":9,"29":9,"30":9,"31":1,"32":8,"33":7,"34":2,"35":5,"36":5,"37":1,"38":4,"39":2,"40":2,"41":0,"42":2,"43":2,"44":1,"45":3,"46":10,"47":10,"48":10,"49":1,"50":9,"51":8,"52":2,"53":6,"54":6,"55":1,"56":5,"57":5,"58":2,"59":3,"60":0,"61":0,"62":0,"63":0,"64":0,"65":0,"66":0,"67":3,"68":3,"69":1,"70":3,"71":2,"72":2,"73":2,"74":1,"75":1,"76":1,"77":1,"78":0,"79":0,"80":0,"81":0,"82":0,"83":0,"84":0,"85":0,"86":0,"87":0,"88":0,"89":0,"90":3,"91":5,"92":5,"93":5,"94":1,"95":4,"96":3,"97":2,"98":1,"99":1,"100":1,"101":0,"102":1,"103":1,"104":3,"105":2,"106":2,"107":2,"108":1,"109":1,"110":0,"111":3,"112":5,"113":5,"114":5,"115":2,"116":3,"117":3,"118":0,"119":3,"120":2,"121":1,"122":3,"123":6,"124":6,"125":6,"126":1,"127":5,"128":1,"129":4,"130":3,"131":3,"132":3,"133":2,"134":1,"135":1,"136":1,"137":1},"f":{"0":10,"1":9,"2":10,"3":2,"4":5,"5":2,"6":5,"7":6},"b":{"0":[2,8],"1":[10,9,8,8],"2":[1,7],"3":[2,5],"4":[2,2],"5":[0,2],"6":[2,0],"7":[1,8],"8":[9,8],"9":[2,5],"10":[1,4],"11":[2,2],"12":[4,4],"13":[0,2],"14":[1,9],"15":[10,9],"16":[2,6],"17":[1,5],"18":[2,3],"19":[0,3],"20":[0,0],"21":[0,0],"22":[1,1],"23":[2,1],"24":[0,0],"25":[0,0],"26":[0,0],"27":[1,4],"28":[2,1],"29":[0,1],"30":[1,0],"31":[1,1],"32":[2,3],"33":[5,3],"34":[0,3],"35":[3,1],"36":[1,5],"37":[6,5],"38":[1,4],"39":[2,1]},"_coverageSchema":"1a1c01bbd47fc00a2c39e90264f33305004495a9","hash":"87cc8ea62eddfaba33c286f50a50c983aa989a0d"}
,"C:\\Users\\Emmanuel\\Desktop\\ONLINE-DOGGIE\\backend\\src\\controllers\\pedidos.controller.js": {"path":"C:\\Users\\Emmanuel\\Desktop\\ONLINE-DOGGIE\\backend\\src\\controllers\\pedidos.controller.js","statementMap":{"0":{"start":{"line":1,"column":13},"end":{"line":1,"column":36}},"1":{"start":{"line":3,"column":0},"end":{"line":96,"column":2}},"2":{"start":{"line":4,"column":19},"end":{"line":4,"column":39}},"3":{"start":{"line":5,"column":30},"end":{"line":5,"column":35}},"4":{"start":{"line":7,"column":4},"end":{"line":95,"column":5}},"5":{"start":{"line":8,"column":28},"end":{"line":8,"column":36}},"6":{"start":{"line":9,"column":29},"end":{"line":9,"column":40}},"7":{"start":{"line":11,"column":8},"end":{"line":13,"column":9}},"8":{"start":{"line":12,"column":12},"end":{"line":12,"column":70}},"9":{"start":{"line":15,"column":8},"end":{"line":15,"column":36}},"10":{"start":{"line":16,"column":8},"end":{"line":16,"column":35}},"11":{"start":{"line":18,"column":20},"end":{"line":18,"column":21}},"12":{"start":{"line":19,"column":26},"end":{"line":19,"column":28}},"13":{"start":{"line":22,"column":8},"end":{"line":42,"column":9}},"14":{"start":{"line":23,"column":27},"end":{"line":26,"column":13}},"15":{"start":{"line":28,"column":12},"end":{"line":30,"column":13}},"16":{"start":{"line":29,"column":16},"end":{"line":29,"column":54}},"17":{"start":{"line":32,"column":29},"end":{"line":32,"column":43}},"18":{"start":{"line":34,"column":12},"end":{"line":36,"column":13}},"19":{"start":{"line":35,"column":16},"end":{"line":35,"column":78}},"20":{"start":{"line":38,"column":29},"end":{"line":38,"column":60}},"21":{"start":{"line":39,"column":12},"end":{"line":39,"column":30}},"22":{"start":{"line":41,"column":12},"end":{"line":41,"column":49}},"23":{"start":{"line":45,"column":29},"end":{"line":49,"column":36}},"24":{"start":{"line":51,"column":26},"end":{"line":51,"column":49}},"25":{"start":{"line":54,"column":8},"end":{"line":69,"column":9}},"26":{"start":{"line":55,"column":12},"end":{"line":58,"column":73}},"27":{"start":{"line":60,"column":32},"end":{"line":60,"column":62}},"28":{"start":{"line":62,"column":27},"end":{"line":62,"column":42}},"29":{"start":{"line":64,"column":12},"end":{"line":68,"column":51}},"30":{"start":{"line":71,"column":8},"end":{"line":71,"column":37}},"31":{"start":{"line":73,"column":8},"end":{"line":76,"column":11}},"32":{"start":{"line":80,"column":4},"end":{"line":82,"column":5}},"33":{"start":{"line":81,"column":8},"end":{"line":81,"column":39}},"34":{"start":{"line":84,"column":4},"end":{"line":86,"column":5}},"35":{"start":{"line":85,"column":8},"end":{"line":85,"column":29}},"36":{"start":{"line":88,"column":4},"end":{"line":90,"column":7}},"37":{"start":{"line":94,"column":8},"end":{"line":94,"column":25}},"38":{"start":{"line":98,"column":0},"end":{"line":146,"column":2}},"39":{"start":{"line":99,"column":4},"end":{"line":145,"column":5}},"40":{"start":{"line":100,"column":23},"end":{"line":100,"column":37}},"41":{"start":{"line":102,"column":23},"end":{"line":117,"column":20}},"42":{"start":{"line":119,"column":24},"end":{"line":119,"column":26}},"43":{"start":{"line":122,"column":8},"end":{"line":139,"column":11}},"44":{"start":{"line":123,"column":12},"end":{"line":131,"column":13}},"45":{"start":{"line":124,"column":16},"end":{"line":130,"column":18}},"46":{"start":{"line":133,"column":12},"end":{"line":138,"column":15}},"47":{"start":{"line":141,"column":8},"end":{"line":141,"column":41}},"48":{"start":{"line":144,"column":8},"end":{"line":144,"column":55}},"49":{"start":{"line":149,"column":0},"end":{"line":178,"column":2}},"50":{"start":{"line":150,"column":4},"end":{"line":177,"column":5}},"51":{"start":{"line":151,"column":23},"end":{"line":151,"column":33}},"52":{"start":{"line":152,"column":32},"end":{"line":152,"column":40}},"53":{"start":{"line":154,"column":8},"end":{"line":156,"column":9}},"54":{"start":{"line":155,"column":12},"end":{"line":155,"column":71}},"55":{"start":{"line":158,"column":33},"end":{"line":158,"column":58}},"56":{"start":{"line":159,"column":31},"end":{"line":159,"column":91}},"57":{"start":{"line":161,"column":8},"end":{"line":163,"column":9}},"58":{"start":{"line":162,"column":12},"end":{"line":162,"column":71}},"59":{"start":{"line":165,"column":8},"end":{"line":168,"column":10}},"60":{"start":{"line":170,"column":8},"end":{"line":173,"column":11}},"61":{"start":{"line":176,"column":8},"end":{"line":176,"column":55}}},"fnMap":{"0":{"name":"(anonymous_0)","decl":{"start":{"line":3,"column":22},"end":{"line":3,"column":23}},"loc":{"start":{"line":3,"column":42},"end":{"line":96,"column":1}},"line":3},"1":{"name":"(anonymous_1)","decl":{"start":{"line":98,"column":27},"end":{"line":98,"column":28}},"loc":{"start":{"line":98,"column":47},"end":{"line":146,"column":1}},"line":98},"2":{"name":"(anonymous_2)","decl":{"start":{"line":122,"column":28},"end":{"line":122,"column":29}},"loc":{"start":{"line":122,"column":35},"end":{"line":139,"column":9}},"line":122},"3":{"name":"(anonymous_3)","decl":{"start":{"line":149,"column":29},"end":{"line":149,"column":30}},"loc":{"start":{"line":149,"column":49},"end":{"line":178,"column":1}},"line":149}},"branchMap":{"0":{"loc":{"start":{"line":11,"column":8},"end":{"line":13,"column":9}},"type":"if","locations":[{"start":{"line":11,"column":8},"end":{"line":13,"column":9}},{"start":{},"end":{}}],"line":11},"1":{"loc":{"start":{"line":11,"column":12},"end":{"line":11,"column":44}},"type":"binary-expr","locations":[{"start":{"line":11,"column":12},"end":{"line":11,"column":20}},{"start":{"line":11,"column":24},"end":{"line":11,"column":44}}],"line":11},"2":{"loc":{"start":{"line":28,"column":12},"end":{"line":30,"column":13}},"type":"if","locations":[{"start":{"line":28,"column":12},"end":{"line":30,"column":13}},{"start":{},"end":{}}],"line":28},"3":{"loc":{"start":{"line":34,"column":12},"end":{"line":36,"column":13}},"type":"if","locations":[{"start":{"line":34,"column":12},"end":{"line":36,"column":13}},{"start":{},"end":{}}],"line":34},"4":{"loc":{"start":{"line":80,"column":4},"end":{"line":82,"column":5}},"type":"if","locations":[{"start":{"line":80,"column":4},"end":{"line":82,"column":5}},{"start":{},"end":{}}],"line":80},"5":{"loc":{"start":{"line":84,"column":4},"end":{"line":86,"column":5}},"type":"if","locations":[{"start":{"line":84,"column":4},"end":{"line":86,"column":5}},{"start":{},"end":{}}],"line":84},"6":{"loc":{"start":{"line":89,"column":15},"end":{"line":89,"column":52}},"type":"binary-expr","locations":[{"start":{"line":89,"column":15},"end":{"line":89,"column":28}},{"start":{"line":89,"column":32},"end":{"line":89,"column":52}}],"line":89},"7":{"loc":{"start":{"line":123,"column":12},"end":{"line":131,"column":13}},"type":"if","locations":[{"start":{"line":123,"column":12},"end":{"line":131,"column":13}},{"start":{},"end":{}}],"line":123},"8":{"loc":{"start":{"line":154,"column":8},"end":{"line":156,"column":9}},"type":"if","locations":[{"start":{"line":154,"column":8},"end":{"line":156,"column":9}},{"start":{},"end":{}}],"line":154},"9":{"loc":{"start":{"line":161,"column":8},"end":{"line":163,"column":9}},"type":"if","locations":[{"start":{"line":161,"column":8},"end":{"line":163,"column":9}},{"start":{},"end":{}}],"line":161}},"s":{"0":3,"1":3,"2":5,"3":5,"4":5,"5":5,"6":5,"7":5,"8":1,"9":4,"10":3,"11":3,"12":3,"13":3,"14":3,"15":3,"16":1,"17":2,"18":2,"19":1,"20":1,"21":1,"22":1,"23":1,"24":1,"25":1,"26":1,"27":1,"28":1,"29":1,"30":1,"31":1,"32":3,"33":2,"34":3,"35":0,"36":3,"37":5,"38":3,"39":2,"40":2,"41":2,"42":1,"43":1,"44":1,"45":1,"46":1,"47":1,"48":1,"49":3,"50":4,"51":4,"52":4,"53":4,"54":1,"55":3,"56":3,"57":3,"58":1,"59":2,"60":1,"61":1},"f":{"0":5,"1":2,"2":1,"3":4},"b":{"0":[1,4],"1":[5,5],"2":[1,2],"3":[1,1],"4":[2,1],"5":[0,3],"6":[3,0],"7":[1,0],"8":[1,3],"9":[1,2]},"_coverageSchema":"1a1c01bbd47fc00a2c39e90264f33305004495a9","hash":"30ac23535cfdc6329a99c7b68bfe9d7ce2c95e6c"}
,"C:\\Users\\Emmanuel\\Desktop\\ONLINE-DOGGIE\\backend\\src\\controllers\\productos.controller.js": {"path":"C:\\Users\\Emmanuel\\Desktop\\ONLINE-DOGGIE\\backend\\src\\controllers\\productos.controller.js","statementMap":{"0":{"start":{"line":1,"column":13},"end":{"line":1,"column":36}},"1":{"start":{"line":2,"column":15},"end":{"line":2,"column":32}},"2":{"start":{"line":3,"column":13},"end":{"line":3,"column":28}},"3":{"start":{"line":6,"column":16},"end":{"line":16,"column":6}},"4":{"start":{"line":10,"column":12},"end":{"line":10,"column":72}},"5":{"start":{"line":13,"column":32},"end":{"line":13,"column":68}},"6":{"start":{"line":14,"column":12},"end":{"line":14,"column":34}},"7":{"start":{"line":18,"column":0},"end":{"line":18,"column":37}},"8":{"start":{"line":22,"column":0},"end":{"line":38,"column":2}},"9":{"start":{"line":23,"column":4},"end":{"line":37,"column":5}},"10":{"start":{"line":24,"column":23},"end":{"line":32,"column":10}},"11":{"start":{"line":34,"column":8},"end":{"line":34,"column":30}},"12":{"start":{"line":36,"column":8},"end":{"line":36,"column":55}},"13":{"start":{"line":42,"column":0},"end":{"line":61,"column":2}},"14":{"start":{"line":43,"column":4},"end":{"line":60,"column":5}},"15":{"start":{"line":44,"column":66},"end":{"line":44,"column":74}},"16":{"start":{"line":46,"column":8},"end":{"line":48,"column":9}},"17":{"start":{"line":47,"column":12},"end":{"line":47,"column":88}},"18":{"start":{"line":50,"column":23},"end":{"line":50,"column":85}},"19":{"start":{"line":52,"column":8},"end":{"line":55,"column":78}},"20":{"start":{"line":57,"column":8},"end":{"line":57,"column":49}},"21":{"start":{"line":59,"column":8},"end":{"line":59,"column":55}},"22":{"start":{"line":65,"column":0},"end":{"line":100,"column":2}},"23":{"start":{"line":66,"column":4},"end":{"line":99,"column":5}},"24":{"start":{"line":67,"column":23},"end":{"line":67,"column":33}},"25":{"start":{"line":68,"column":66},"end":{"line":68,"column":74}},"26":{"start":{"line":70,"column":8},"end":{"line":72,"column":9}},"27":{"start":{"line":71,"column":12},"end":{"line":71,"column":83}},"28":{"start":{"line":74,"column":23},"end":{"line":74,"column":85}},"29":{"start":{"line":77,"column":8},"end":{"line":89,"column":9}},"30":{"start":{"line":78,"column":12},"end":{"line":82,"column":86}},"31":{"start":{"line":84,"column":12},"end":{"line":88,"column":78}},"32":{"start":{"line":92,"column":8},"end":{"line":94,"column":9}},"33":{"start":{"line":93,"column":12},"end":{"line":93,"column":77}},"34":{"start":{"line":96,"column":8},"end":{"line":96,"column":68}},"35":{"start":{"line":98,"column":8},"end":{"line":98,"column":55}},"36":{"start":{"line":104,"column":0},"end":{"line":122,"column":2}},"37":{"start":{"line":105,"column":4},"end":{"line":121,"column":5}},"38":{"start":{"line":106,"column":23},"end":{"line":106,"column":33}},"39":{"start":{"line":108,"column":23},"end":{"line":111,"column":9}},"40":{"start":{"line":114,"column":8},"end":{"line":116,"column":9}},"41":{"start":{"line":115,"column":12},"end":{"line":115,"column":77}},"42":{"start":{"line":118,"column":8},"end":{"line":118,"column":52}},"43":{"start":{"line":120,"column":8},"end":{"line":120,"column":55}},"44":{"start":{"line":126,"column":0},"end":{"line":135,"column":2}},"45":{"start":{"line":127,"column":4},"end":{"line":134,"column":5}},"46":{"start":{"line":128,"column":23},"end":{"line":130,"column":9}},"47":{"start":{"line":131,"column":8},"end":{"line":131,"column":30}},"48":{"start":{"line":133,"column":8},"end":{"line":133,"column":55}},"49":{"start":{"line":139,"column":0},"end":{"line":169,"column":2}},"50":{"start":{"line":140,"column":4},"end":{"line":168,"column":5}},"51":{"start":{"line":141,"column":23},"end":{"line":141,"column":33}},"52":{"start":{"line":142,"column":26},"end":{"line":142,"column":34}},"53":{"start":{"line":144,"column":8},"end":{"line":146,"column":9}},"54":{"start":{"line":145,"column":12},"end":{"line":145,"column":78}},"55":{"start":{"line":148,"column":28},"end":{"line":148,"column":37}},"56":{"start":{"line":150,"column":23},"end":{"line":154,"column":36}},"57":{"start":{"line":157,"column":8},"end":{"line":159,"column":9}},"58":{"start":{"line":158,"column":12},"end":{"line":158,"column":77}},"59":{"start":{"line":161,"column":8},"end":{"line":165,"column":11}},"60":{"start":{"line":167,"column":8},"end":{"line":167,"column":55}},"61":{"start":{"line":173,"column":0},"end":{"line":207,"column":2}},"62":{"start":{"line":174,"column":4},"end":{"line":206,"column":5}},"63":{"start":{"line":175,"column":23},"end":{"line":175,"column":33}},"64":{"start":{"line":176,"column":31},"end":{"line":176,"column":39}},"65":{"start":{"line":177,"column":27},"end":{"line":177,"column":41}},"66":{"start":{"line":179,"column":8},"end":{"line":181,"column":9}},"67":{"start":{"line":180,"column":12},"end":{"line":180,"column":89}},"68":{"start":{"line":184,"column":31},"end":{"line":184,"column":95}},"69":{"start":{"line":185,"column":8},"end":{"line":187,"column":9}},"70":{"start":{"line":186,"column":12},"end":{"line":186,"column":77}},"71":{"start":{"line":189,"column":25},"end":{"line":192,"column":9}},"72":{"start":{"line":194,"column":8},"end":{"line":196,"column":9}},"73":{"start":{"line":195,"column":12},"end":{"line":195,"column":81}},"74":{"start":{"line":198,"column":8},"end":{"line":201,"column":41}},"75":{"start":{"line":203,"column":8},"end":{"line":203,"column":55}},"76":{"start":{"line":205,"column":8},"end":{"line":205,"column":55}},"77":{"start":{"line":211,"column":0},"end":{"line":230,"column":2}},"78":{"start":{"line":212,"column":4},"end":{"line":229,"column":5}},"79":{"start":{"line":213,"column":23},"end":{"line":213,"column":33}},"80":{"start":{"line":216,"column":31},"end":{"line":216,"column":95}},"81":{"start":{"line":217,"column":8},"end":{"line":219,"column":9}},"82":{"start":{"line":218,"column":12},"end":{"line":218,"column":77}},"83":{"start":{"line":221,"column":23},"end":{"line":224,"column":9}},"84":{"start":{"line":226,"column":8},"end":{"line":226,"column":33}},"85":{"start":{"line":228,"column":8},"end":{"line":228,"column":55}}},"fnMap":{"0":{"name":"(anonymous_0)","decl":{"start":{"line":9,"column":21},"end":{"line":9,"column":22}},"loc":{"start":{"line":9,"column":46},"end":{"line":11,"column":9}},"line":9},"1":{"name":"(anonymous_1)","decl":{"start":{"line":12,"column":18},"end":{"line":12,"column":19}},"loc":{"start":{"line":12,"column":43},"end":{"line":15,"column":9}},"line":12},"2":{"name":"(anonymous_2)","decl":{"start":{"line":22,"column":27},"end":{"line":22,"column":28}},"loc":{"start":{"line":22,"column":47},"end":{"line":38,"column":1}},"line":22},"3":{"name":"(anonymous_3)","decl":{"start":{"line":42,"column":24},"end":{"line":42,"column":25}},"loc":{"start":{"line":42,"column":44},"end":{"line":61,"column":1}},"line":42},"4":{"name":"(anonymous_4)","decl":{"start":{"line":65,"column":29},"end":{"line":65,"column":30}},"loc":{"start":{"line":65,"column":49},"end":{"line":100,"column":1}},"line":65},"5":{"name":"(anonymous_5)","decl":{"start":{"line":104,"column":27},"end":{"line":104,"column":28}},"loc":{"start":{"line":104,"column":47},"end":{"line":122,"column":1}},"line":104},"6":{"name":"(anonymous_6)","decl":{"start":{"line":126,"column":20},"end":{"line":126,"column":21}},"loc":{"start":{"line":126,"column":40},"end":{"line":135,"column":1}},"line":126},"7":{"name":"(anonymous_7)","decl":{"start":{"line":139,"column":26},"end":{"line":139,"column":27}},"loc":{"start":{"line":139,"column":46},"end":{"line":169,"column":1}},"line":139},"8":{"name":"(anonymous_8)","decl":{"start":{"line":173,"column":26},"end":{"line":173,"column":27}},"loc":{"start":{"line":173,"column":46},"end":{"line":207,"column":1}},"line":173},"9":{"name":"(anonymous_9)","decl":{"start":{"line":211,"column":28},"end":{"line":211,"column":29}},"loc":{"start":{"line":211,"column":48},"end":{"line":230,"column":1}},"line":211}},"branchMap":{"0":{"loc":{"start":{"line":6,"column":16},"end":{"line":16,"column":6}},"type":"cond-expr","locations":[{"start":{"line":7,"column":6},"end":{"line":7,"column":28}},{"start":{"line":8,"column":6},"end":{"line":16,"column":6}}],"line":6},"1":{"loc":{"start":{"line":46,"column":8},"end":{"line":48,"column":9}},"type":"if","locations":[{"start":{"line":46,"column":8},"end":{"line":48,"column":9}},{"start":{},"end":{}}],"line":46},"2":{"loc":{"start":{"line":46,"column":12},"end":{"line":46,"column":70}},"type":"binary-expr","locations":[{"start":{"line":46,"column":12},"end":{"line":46,"column":19}},{"start":{"line":46,"column":23},"end":{"line":46,"column":35}},{"start":{"line":46,"column":39},"end":{"line":46,"column":46}},{"start":{"line":46,"column":50},"end":{"line":46,"column":60}},{"start":{"line":46,"column":64},"end":{"line":46,"column":70}}],"line":46},"3":{"loc":{"start":{"line":50,"column":23},"end":{"line":50,"column":85}},"type":"cond-expr","locations":[{"start":{"line":50,"column":35},"end":{"line":50,"column":77}},{"start":{"line":50,"column":81},"end":{"line":50,"column":85}}],"line":50},"4":{"loc":{"start":{"line":50,"column":35},"end":{"line":50,"column":77}},"type":"binary-expr","locations":[{"start":{"line":50,"column":35},"end":{"line":50,"column":52}},{"start":{"line":50,"column":56},"end":{"line":50,"column":77}}],"line":50},"5":{"loc":{"start":{"line":70,"column":8},"end":{"line":72,"column":9}},"type":"if","locations":[{"start":{"line":70,"column":8},"end":{"line":72,"column":9}},{"start":{},"end":{}}],"line":70},"6":{"loc":{"start":{"line":70,"column":12},"end":{"line":70,"column":70}},"type":"binary-expr","locations":[{"start":{"line":70,"column":12},"end":{"line":70,"column":19}},{"start":{"line":70,"column":23},"end":{"line":70,"column":35}},{"start":{"line":70,"column":39},"end":{"line":70,"column":46}},{"start":{"line":70,"column":50},"end":{"line":70,"column":60}},{"start":{"line":70,"column":64},"end":{"line":70,"column":70}}],"line":70},"7":{"loc":{"start":{"line":74,"column":23},"end":{"line":74,"column":85}},"type":"cond-expr","locations":[{"start":{"line":74,"column":35},"end":{"line":74,"column":77}},{"start":{"line":74,"column":81},"end":{"line":74,"column":85}}],"line":74},"8":{"loc":{"start":{"line":74,"column":35},"end":{"line":74,"column":77}},"type":"binary-expr","locations":[{"start":{"line":74,"column":35},"end":{"line":74,"column":52}},{"start":{"line":74,"column":56},"end":{"line":74,"column":77}}],"line":74},"9":{"loc":{"start":{"line":77,"column":8},"end":{"line":89,"column":9}},"type":"if","locations":[{"start":{"line":77,"column":8},"end":{"line":89,"column":9}},{"start":{"line":83,"column":15},"end":{"line":89,"column":9}}],"line":77},"10":{"loc":{"start":{"line":92,"column":8},"end":{"line":94,"column":9}},"type":"if","locations":[{"start":{"line":92,"column":8},"end":{"line":94,"column":9}},{"start":{},"end":{}}],"line":92},"11":{"loc":{"start":{"line":114,"column":8},"end":{"line":116,"column":9}},"type":"if","locations":[{"start":{"line":114,"column":8},"end":{"line":116,"column":9}},{"start":{},"end":{}}],"line":114},"12":{"loc":{"start":{"line":144,"column":8},"end":{"line":146,"column":9}},"type":"if","locations":[{"start":{"line":144,"column":8},"end":{"line":146,"column":9}},{"start":{},"end":{}}],"line":144},"13":{"loc":{"start":{"line":144,"column":12},"end":{"line":144,"column":49}},"type":"binary-expr","locations":[{"start":{"line":144,"column":12},"end":{"line":144,"column":31}},{"start":{"line":144,"column":35},"end":{"line":144,"column":49}}],"line":144},"14":{"loc":{"start":{"line":157,"column":8},"end":{"line":159,"column":9}},"type":"if","locations":[{"start":{"line":157,"column":8},"end":{"line":159,"column":9}},{"start":{},"end":{}}],"line":157},"15":{"loc":{"start":{"line":162,"column":21},"end":{"line":164,"column":75}},"type":"cond-expr","locations":[{"start":{"line":163,"column":18},"end":{"line":163,"column":51}},{"start":{"line":164,"column":18},"end":{"line":164,"column":75}}],"line":162},"16":{"loc":{"start":{"line":179,"column":8},"end":{"line":181,"column":9}},"type":"if","locations":[{"start":{"line":179,"column":8},"end":{"line":181,"column":9}},{"start":{},"end":{}}],"line":179},"17":{"loc":{"start":{"line":179,"column":12},"end":{"line":179,"column":59}},"type":"binary-expr","locations":[{"start":{"line":179,"column":12},"end":{"line":179,"column":23}},{"start":{"line":179,"column":27},"end":{"line":179,"column":41}},{"start":{"line":179,"column":45},"end":{"line":179,"column":59}}],"line":179},"18":{"loc":{"start":{"line":185,"column":8},"end":{"line":187,"column":9}},"type":"if","locations":[{"start":{"line":185,"column":8},"end":{"line":187,"column":9}},{"start":{},"end":{}}],"line":185},"19":{"loc":{"start":{"line":194,"column":8},"end":{"line":196,"column":9}},"type":"if","locations":[{"start":{"line":194,"column":8},"end":{"line":196,"column":9}},{"start":{},"end":{}}],"line":194},"20":{"loc":{"start":{"line":217,"column":8},"end":{"line":219,"column":9}},"type":"if","locations":[{"start":{"line":217,"column":8},"end":{"line":219,"column":9}},{"start":{},"end":{}}],"line":217}},"s":{"0":3,"1":3,"2":3,"3":3,"4":0,"5":0,"6":0,"7":3,"8":3,"9":3,"10":3,"11":2,"12":1,"13":3,"14":5,"15":5,"16":5,"17":3,"18":2,"19":2,"20":1,"21":1,"22":3,"23":3,"24":3,"25":3,"26":3,"27":1,"28":2,"29":2,"30":1,"31":1,"32":2,"33":1,"34":1,"35":0,"36":3,"37":5,"38":5,"39":5,"40":4,"41":2,"42":2,"43":1,"44":3,"45":1,"46":1,"47":1,"48":0,"49":3,"50":0,"51":0,"52":0,"53":0,"54":0,"55":0,"56":0,"57":0,"58":0,"59":0,"60":0,"61":3,"62":0,"63":0,"64":0,"65":0,"66":0,"67":0,"68":0,"69":0,"70":0,"71":0,"72":0,"73":0,"74":0,"75":0,"76":0,"77":3,"78":1,"79":1,"80":1,"81":1,"82":1,"83":0,"84":0,"85":0},"f":{"0":0,"1":0,"2":3,"3":5,"4":3,"5":5,"6":1,"7":0,"8":0,"9":1},"b":{"0":[3,0],"1":[3,2],"2":[5,3,3,3,2],"3":[1,1],"4":[1,1],"5":[1,2],"6":[3,2,2,2,2],"7":[1,1],"8":[1,1],"9":[1,1],"10":[1,1],"11":[2,2],"12":[0,0],"13":[0,0],"14":[0,0],"15":[0,0],"16":[0,0],"17":[0,0,0],"18":[0,0],"19":[0,0],"20":[1,0]},"_coverageSchema":"1a1c01bbd47fc00a2c39e90264f33305004495a9","hash":"69280ead05c05fbf8cb88eb7210d7ee5152a071c"}
,"C:\\Users\\Emmanuel\\Desktop\\ONLINE-DOGGIE\\backend\\src\\middlewares\\auth.middleware.js": {"path":"C:\\Users\\Emmanuel\\Desktop\\ONLINE-DOGGIE\\backend\\src\\middlewares\\auth.middleware.js","statementMap":{"0":{"start":{"line":1,"column":12},"end":{"line":1,"column":35}},"1":{"start":{"line":2,"column":0},"end":{"line":2,"column":27}},"2":{"start":{"line":4,"column":23},"end":{"line":22,"column":1}},"3":{"start":{"line":5,"column":4},"end":{"line":21,"column":5}},"4":{"start":{"line":6,"column":27},"end":{"line":6,"column":52}},"5":{"start":{"line":8,"column":8},"end":{"line":10,"column":9}},"6":{"start":{"line":9,"column":12},"end":{"line":9,"column":91}},"7":{"start":{"line":13,"column":22},"end":{"line":13,"column":53}},"8":{"start":{"line":15,"column":24},"end":{"line":15,"column":65}},"9":{"start":{"line":16,"column":8},"end":{"line":16,"column":30}},"10":{"start":{"line":18,"column":8},"end":{"line":18,"column":22}},"11":{"start":{"line":20,"column":8},"end":{"line":20,"column":67}},"12":{"start":{"line":25,"column":23},"end":{"line":33,"column":1}},"13":{"start":{"line":27,"column":4},"end":{"line":32,"column":7}},"14":{"start":{"line":28,"column":8},"end":{"line":30,"column":9}},"15":{"start":{"line":29,"column":12},"end":{"line":29,"column":70}},"16":{"start":{"line":31,"column":8},"end":{"line":31,"column":22}},"17":{"start":{"line":35,"column":0},"end":{"line":38,"column":2}}},"fnMap":{"0":{"name":"(anonymous_0)","decl":{"start":{"line":4,"column":23},"end":{"line":4,"column":24}},"loc":{"start":{"line":4,"column":43},"end":{"line":22,"column":1}},"line":4},"1":{"name":"(anonymous_1)","decl":{"start":{"line":25,"column":23},"end":{"line":25,"column":24}},"loc":{"start":{"line":25,"column":43},"end":{"line":33,"column":1}},"line":25},"2":{"name":"(anonymous_2)","decl":{"start":{"line":27,"column":29},"end":{"line":27,"column":30}},"loc":{"start":{"line":27,"column":35},"end":{"line":32,"column":5}},"line":27}},"branchMap":{"0":{"loc":{"start":{"line":8,"column":8},"end":{"line":10,"column":9}},"type":"if","locations":[{"start":{"line":8,"column":8},"end":{"line":10,"column":9}},{"start":{},"end":{}}],"line":8},"1":{"loc":{"start":{"line":8,"column":12},"end":{"line":8,"column":60}},"type":"binary-expr","locations":[{"start":{"line":8,"column":12},"end":{"line":8,"column":23}},{"start":{"line":8,"column":27},"end":{"line":8,"column":60}}],"line":8},"2":{"loc":{"start":{"line":28,"column":8},"end":{"line":30,"column":9}},"type":"if","locations":[{"start":{"line":28,"column":8},"end":{"line":30,"column":9}},{"start":{},"end":{}}],"line":28},"3":{"loc":{"start":{"line":28,"column":12},"end":{"line":28,"column":55}},"type":"binary-expr","locations":[{"start":{"line":28,"column":12},"end":{"line":28,"column":24}},{"start":{"line":28,"column":28},"end":{"line":28,"column":55}}],"line":28}},"s":{"0":3,"1":3,"2":3,"3":25,"4":25,"5":25,"6":5,"7":20,"8":20,"9":19,"10":19,"11":1,"12":3,"13":12,"14":10,"15":1,"16":9,"17":3},"f":{"0":25,"1":12,"2":10},"b":{"0":[5,20],"1":[25,21],"2":[1,9],"3":[10,10]},"_coverageSchema":"1a1c01bbd47fc00a2c39e90264f33305004495a9","hash":"da923f68b77bf96b559069f99c054936e0050583"}
,"C:\\Users\\Emmanuel\\Desktop\\ONLINE-DOGGIE\\backend\\src\\routes\\admin.routes.js": {"path":"C:\\Users\\Emmanuel\\Desktop\\ONLINE-DOGGIE\\backend\\src\\routes\\admin.routes.js","statementMap":{"0":{"start":{"line":1,"column":16},"end":{"line":1,"column":34}},"1":{"start":{"line":2,"column":15},"end":{"line":2,"column":31}},"2":{"start":{"line":3,"column":18},"end":{"line":3,"column":60}},"3":{"start":{"line":4,"column":27},"end":{"line":4,"column":68}},"4":{"start":{"line":6,"column":0},"end":{"line":6,"column":67}},"5":{"start":{"line":7,"column":0},"end":{"line":7,"column":69}},"6":{"start":{"line":8,"column":0},"end":{"line":8,"column":71}},"7":{"start":{"line":9,"column":0},"end":{"line":9,"column":70}},"8":{"start":{"line":11,"column":0},"end":{"line":11,"column":24}}},"fnMap":{},"branchMap":{},"s":{"0":2,"1":2,"2":2,"3":2,"4":2,"5":2,"6":2,"7":2,"8":2},"f":{},"b":{},"_coverageSchema":"1a1c01bbd47fc00a2c39e90264f33305004495a9","hash":"81cc6965ff4867e203e65643cc7a498ca1357880"}
,"C:\\Users\\Emmanuel\\Desktop\\ONLINE-DOGGIE\\backend\\src\\routes\\auth.routes.js": {"path":"C:\\Users\\Emmanuel\\Desktop\\ONLINE-DOGGIE\\backend\\src\\routes\\auth.routes.js","statementMap":{"0":{"start":{"line":1,"column":16},"end":{"line":1,"column":34}},"1":{"start":{"line":2,"column":15},"end":{"line":2,"column":31}},"2":{"start":{"line":3,"column":23},"end":{"line":3,"column":64}},"3":{"start":{"line":4,"column":27},"end":{"line":4,"column":68}},"4":{"start":{"line":6,"column":0},"end":{"line":6,"column":50}},"5":{"start":{"line":7,"column":0},"end":{"line":7,"column":64}},"6":{"start":{"line":8,"column":0},"end":{"line":8,"column":44}},"7":{"start":{"line":9,"column":0},"end":{"line":9,"column":60}},"8":{"start":{"line":10,"column":0},"end":{"line":10,"column":59}},"9":{"start":{"line":12,"column":0},"end":{"line":12,"column":68}},"10":{"start":{"line":13,"column":0},"end":{"line":13,"column":67}},"11":{"start":{"line":14,"column":0},"end":{"line":14,"column":80}},"12":{"start":{"line":16,"column":0},"end":{"line":16,"column":24}}},"fnMap":{},"branchMap":{},"s":{"0":2,"1":2,"2":2,"3":2,"4":2,"5":2,"6":2,"7":2,"8":2,"9":2,"10":2,"11":2,"12":2},"f":{},"b":{},"_coverageSchema":"1a1c01bbd47fc00a2c39e90264f33305004495a9","hash":"42073e4ec9142c4262e146a71a65e05e979c602f"}
,"C:\\Users\\Emmanuel\\Desktop\\ONLINE-DOGGIE\\backend\\src\\routes\\pedidos.routes.js": {"path":"C:\\Users\\Emmanuel\\Desktop\\ONLINE-DOGGIE\\backend\\src\\routes\\pedidos.routes.js","statementMap":{"0":{"start":{"line":1,"column":16},"end":{"line":1,"column":34}},"1":{"start":{"line":2,"column":15},"end":{"line":2,"column":31}},"2":{"start":{"line":4,"column":26},"end":{"line":4,"column":70}},"3":{"start":{"line":5,"column":43},"end":{"line":5,"column":84}},"4":{"start":{"line":7,"column":0},"end":{"line":7,"column":64}},"5":{"start":{"line":8,"column":0},"end":{"line":8,"column":77}},"6":{"start":{"line":9,"column":0},"end":{"line":9,"column":82}},"7":{"start":{"line":11,"column":0},"end":{"line":11,"column":24}}},"fnMap":{},"branchMap":{},"s":{"0":2,"1":2,"2":2,"3":2,"4":2,"5":2,"6":2,"7":2},"f":{},"b":{},"_coverageSchema":"1a1c01bbd47fc00a2c39e90264f33305004495a9","hash":"2927356757e82e115581503e7464f4cac0ef7f12"}
,"C:\\Users\\Emmanuel\\Desktop\\ONLINE-DOGGIE\\backend\\src\\routes\\productos.routes.js": {"path":"C:\\Users\\Emmanuel\\Desktop\\ONLINE-DOGGIE\\backend\\src\\routes\\productos.routes.js","statementMap":{"0":{"start":{"line":1,"column":16},"end":{"line":1,"column":34}},"1":{"start":{"line":2,"column":15},"end":{"line":2,"column":31}},"2":{"start":{"line":4,"column":28},"end":{"line":4,"column":74}},"3":{"start":{"line":5,"column":43},"end":{"line":5,"column":84}},"4":{"start":{"line":7,"column":0},"end":{"line":7,"column":54}},"5":{"start":{"line":8,"column":0},"end":{"line":8,"column":73}},"6":{"start":{"line":10,"column":0},"end":{"line":10,"column":113}},"7":{"start":{"line":11,"column":0},"end":{"line":11,"column":120}},"8":{"start":{"line":12,"column":0},"end":{"line":12,"column":80}},"9":{"start":{"line":13,"column":0},"end":{"line":13,"column":76}},"10":{"start":{"line":15,"column":0},"end":{"line":15,"column":81}},"11":{"start":{"line":16,"column":0},"end":{"line":16,"column":69}},"12":{"start":{"line":18,"column":0},"end":{"line":18,"column":24}}},"fnMap":{},"branchMap":{},"s":{"0":2,"1":2,"2":2,"3":2,"4":2,"5":2,"6":2,"7":2,"8":2,"9":2,"10":2,"11":2,"12":2},"f":{},"b":{},"_coverageSchema":"1a1c01bbd47fc00a2c39e90264f33305004495a9","hash":"b5e87ef76ef1430444ad169233da28df05015ef3"}
,"C:\\Users\\Emmanuel\\Desktop\\ONLINE-DOGGIE\\backend\\src\\utils\\security.js": {"path":"C:\\Users\\Emmanuel\\Desktop\\ONLINE-DOGGIE\\backend\\src\\utils\\security.js","statementMap":{"0":{"start":{"line":1,"column":15},"end":{"line":1,"column":34}},"1":{"start":{"line":2,"column":12},"end":{"line":2,"column":35}},"2":{"start":{"line":3,"column":0},"end":{"line":3,"column":27}},"3":{"start":{"line":5,"column":21},"end":{"line":7,"column":1}},"4":{"start":{"line":6,"column":4},"end":{"line":6,"column":43}},"5":{"start":{"line":9,"column":23},"end":{"line":11,"column":1}},"6":{"start":{"line":10,"column":4},"end":{"line":10,"column":50}},"7":{"start":{"line":13,"column":20},"end":{"line":15,"column":1}},"8":{"start":{"line":14,"column":4},"end":{"line":14,"column":71}},"9":{"start":{"line":17,"column":0},"end":{"line":21,"column":2}}},"fnMap":{"0":{"name":"(anonymous_0)","decl":{"start":{"line":5,"column":21},"end":{"line":5,"column":22}},"loc":{"start":{"line":5,"column":41},"end":{"line":7,"column":1}},"line":5},"1":{"name":"(anonymous_1)","decl":{"start":{"line":9,"column":23},"end":{"line":9,"column":24}},"loc":{"start":{"line":9,"column":51},"end":{"line":11,"column":1}},"line":9},"2":{"name":"(anonymous_2)","decl":{"start":{"line":13,"column":20},"end":{"line":13,"column":21}},"loc":{"start":{"line":13,"column":30},"end":{"line":15,"column":1}},"line":13}},"branchMap":{},"s":{"0":2,"1":2,"2":2,"3":2,"4":2,"5":2,"6":5,"7":2,"8":2,"9":2},"f":{"0":2,"1":5,"2":2},"b":{},"_coverageSchema":"1a1c01bbd47fc00a2c39e90264f33305004495a9","hash":"c48bfb9d53fbd3cf737ad0998741ad44a4b44d18"}
}
