TN:
SF:src\app.js
FN:23,(anonymous_0)
FNF:1
FNH:0
FNDA:0,(anonymous_0)
DA:1,2
DA:2,2
DA:3,2
DA:4,2
DA:5,2
DA:7,2
DA:8,2
DA:9,2
DA:11,2
DA:13,2
DA:14,2
DA:16,2
DA:18,2
DA:19,2
DA:20,2
DA:21,2
DA:23,2
DA:24,0
DA:27,2
LF:19
LH:18
BRF:0
BRH:0
end_of_record
TN:
SF:src\config\db.js
FNF:0
FNH:0
DA:1,4
DA:2,4
DA:4,4
DA:12,4
LF:4
LH:4
BRF:0
BRH:0
end_of_record
TN:
SF:src\controllers\admin.controller.js
FN:3,(anonymous_0)
FN:19,(anonymous_1)
FN:29,(anonymous_2)
FN:56,(anonymous_3)
FNF:4
FNH:0
FNDA:0,(anonymous_0)
FNDA:0,(anonymous_1)
FNDA:0,(anonymous_2)
FNDA:0,(anonymous_3)
DA:1,2
DA:3,2
DA:4,0
DA:5,0
DA:6,0
DA:7,0
DA:9,0
DA:15,0
DA:19,2
DA:20,0
DA:22,0
DA:23,0
DA:25,0
DA:29,2
DA:30,0
DA:31,0
DA:32,0
DA:37,0
DA:38,0
DA:41,0
DA:44,0
DA:49,0
DA:52,0
DA:56,2
DA:57,0
DA:58,0
DA:70,0
DA:72,0
DA:76,2
LF:29
LH:6
BRDA:37,0,0,0
BRDA:37,0,1,0
BRF:2
BRH:0
end_of_record
TN:
SF:src\controllers\auth.controller.js
FN:15,(anonymous_0)
FN:81,(anonymous_1)
FN:126,(anonymous_2)
FN:198,(anonymous_3)
FN:253,(anonymous_4)
FN:300,(anonymous_5)
FN:318,(anonymous_6)
FN:343,(anonymous_7)
FNF:8
FNH:8
FNDA:10,(anonymous_0)
FNDA:9,(anonymous_1)
FNDA:10,(anonymous_2)
FNDA:2,(anonymous_3)
FNDA:5,(anonymous_4)
FNDA:2,(anonymous_5)
FNDA:5,(anonymous_6)
FNDA:6,(anonymous_7)
DA:1,3
DA:2,3
DA:3,3
DA:4,3
DA:5,3
DA:7,3
DA:15,3
DA:16,10
DA:17,10
DA:19,10
DA:20,2
DA:23,8
DA:24,8
DA:25,1
DA:28,7
DA:29,2
DA:32,5
DA:36,4
DA:37,2
DA:40,2
DA:42,2
DA:43,2
DA:45,2
DA:51,2
DA:52,0
DA:71,2
DA:77,1
DA:81,3
DA:82,9
DA:83,9
DA:85,9
DA:86,1
DA:89,8
DA:93,7
DA:94,2
DA:97,5
DA:99,5
DA:100,1
DA:104,4
DA:105,2
DA:108,2
DA:109,0
DA:112,2
DA:119,2
DA:122,1
DA:126,3
DA:127,10
DA:128,10
DA:130,10
DA:131,1
DA:134,9
DA:138,8
DA:139,2
DA:142,6
DA:144,6
DA:145,1
DA:148,5
DA:149,5
DA:150,2
DA:153,3
DA:154,0
DA:155,0
DA:157,0
DA:162,0
DA:163,0
DA:172,0
DA:178,0
DA:181,3
DA:183,3
DA:194,1
DA:198,3
DA:199,2
DA:200,2
DA:202,2
DA:203,1
DA:207,1
DA:208,1
DA:210,1
DA:213,0
DA:217,0
DA:218,0
DA:221,0
DA:223,0
DA:224,0
DA:227,0
DA:228,0
DA:231,0
DA:236,0
DA:238,0
DA:249,0
DA:253,3
DA:254,5
DA:255,5
DA:257,5
DA:258,1
DA:261,4
DA:265,3
DA:266,2
DA:269,1
DA:271,1
DA:277,1
DA:278,0
DA:290,1
DA:296,1
DA:300,3
DA:301,2
DA:302,2
DA:307,2
DA:308,1
DA:311,1
DA:314,0
DA:318,3
DA:319,5
DA:320,5
DA:322,5
DA:323,2
DA:326,3
DA:327,3
DA:328,0
DA:331,3
DA:336,2
DA:339,1
DA:343,3
DA:344,6
DA:345,6
DA:347,6
DA:348,1
DA:351,5
DA:352,1
DA:355,4
DA:359,3
DA:361,3
DA:362,3
DA:363,2
DA:366,1
DA:368,1
DA:373,1
DA:376,1
LF:138
LH:114
BRDA:19,0,0,2
BRDA:19,0,1,8
BRDA:19,1,0,10
BRDA:19,1,1,9
BRDA:19,1,2,8
BRDA:19,1,3,8
BRDA:24,2,0,1
BRDA:24,2,1,7
BRDA:28,3,0,2
BRDA:28,3,1,5
BRDA:36,4,0,2
BRDA:36,4,1,2
BRDA:51,5,0,0
BRDA:51,5,1,2
BRDA:73,6,0,2
BRDA:73,6,1,0
BRDA:85,7,0,1
BRDA:85,7,1,8
BRDA:85,8,0,9
BRDA:85,8,1,8
BRDA:93,9,0,2
BRDA:93,9,1,5
BRDA:99,10,0,1
BRDA:99,10,1,4
BRDA:104,11,0,2
BRDA:104,11,1,2
BRDA:104,12,0,4
BRDA:104,12,1,4
BRDA:108,13,0,0
BRDA:108,13,1,2
BRDA:130,14,0,1
BRDA:130,14,1,9
BRDA:130,15,0,10
BRDA:130,15,1,9
BRDA:138,16,0,2
BRDA:138,16,1,6
BRDA:144,17,0,1
BRDA:144,17,1,5
BRDA:149,18,0,2
BRDA:149,18,1,3
BRDA:153,19,0,0
BRDA:153,19,1,3
BRDA:162,20,0,0
BRDA:162,20,1,0
BRDA:178,21,0,0
BRDA:178,21,1,0
BRDA:202,22,0,1
BRDA:202,22,1,1
BRDA:202,23,0,2
BRDA:202,23,1,1
BRDA:217,24,0,0
BRDA:217,24,1,0
BRDA:223,25,0,0
BRDA:223,25,1,0
BRDA:227,26,0,0
BRDA:227,26,1,0
BRDA:257,27,0,1
BRDA:257,27,1,4
BRDA:265,28,0,2
BRDA:265,28,1,1
BRDA:277,29,0,0
BRDA:277,29,1,1
BRDA:292,30,0,1
BRDA:292,30,1,0
BRDA:307,31,0,1
BRDA:307,31,1,1
BRDA:322,32,0,2
BRDA:322,32,1,3
BRDA:322,33,0,5
BRDA:322,33,1,3
BRDA:327,34,0,0
BRDA:327,34,1,3
BRDA:333,35,0,3
BRDA:333,35,1,1
BRDA:347,36,0,1
BRDA:347,36,1,5
BRDA:347,37,0,6
BRDA:347,37,1,5
BRDA:351,38,0,1
BRDA:351,38,1,4
BRDA:362,39,0,2
BRDA:362,39,1,1
BRF:82
BRH:65
end_of_record
TN:
SF:src\controllers\pedidos.controller.js
FN:3,(anonymous_0)
FN:98,(anonymous_1)
FN:122,(anonymous_2)
FN:149,(anonymous_3)
FNF:4
FNH:4
FNDA:5,(anonymous_0)
FNDA:2,(anonymous_1)
FNDA:1,(anonymous_2)
FNDA:4,(anonymous_3)
DA:1,3
DA:3,3
DA:4,5
DA:5,5
DA:7,5
DA:8,5
DA:9,5
DA:11,5
DA:12,1
DA:15,4
DA:16,3
DA:18,3
DA:19,3
DA:22,3
DA:23,3
DA:28,3
DA:29,1
DA:32,2
DA:34,2
DA:35,1
DA:38,1
DA:39,1
DA:41,1
DA:45,1
DA:51,1
DA:54,1
DA:55,1
DA:60,1
DA:62,1
DA:64,1
DA:71,1
DA:73,1
DA:80,3
DA:81,2
DA:84,3
DA:85,0
DA:88,3
DA:94,5
DA:98,3
DA:99,2
DA:100,2
DA:102,2
DA:119,1
DA:122,1
DA:123,1
DA:124,1
DA:133,1
DA:141,1
DA:144,1
DA:149,3
DA:150,4
DA:151,4
DA:152,4
DA:154,4
DA:155,1
DA:158,3
DA:159,3
DA:161,3
DA:162,1
DA:165,2
DA:170,1
DA:176,1
LF:62
LH:61
BRDA:11,0,0,1
BRDA:11,0,1,4
BRDA:11,1,0,5
BRDA:11,1,1,5
BRDA:28,2,0,1
BRDA:28,2,1,2
BRDA:34,3,0,1
BRDA:34,3,1,1
BRDA:80,4,0,2
BRDA:80,4,1,1
BRDA:84,5,0,0
BRDA:84,5,1,3
BRDA:89,6,0,3
BRDA:89,6,1,0
BRDA:123,7,0,1
BRDA:123,7,1,0
BRDA:154,8,0,1
BRDA:154,8,1,3
BRDA:161,9,0,1
BRDA:161,9,1,2
BRF:20
BRH:17
end_of_record
TN:
SF:src\controllers\productos.controller.js
FN:9,(anonymous_0)
FN:12,(anonymous_1)
FN:22,(anonymous_2)
FN:42,(anonymous_3)
FN:65,(anonymous_4)
FN:104,(anonymous_5)
FN:126,(anonymous_6)
FN:139,(anonymous_7)
FN:173,(anonymous_8)
FN:211,(anonymous_9)
FNF:10
FNH:6
FNDA:0,(anonymous_0)
FNDA:0,(anonymous_1)
FNDA:3,(anonymous_2)
FNDA:5,(anonymous_3)
FNDA:3,(anonymous_4)
FNDA:5,(anonymous_5)
FNDA:1,(anonymous_6)
FNDA:0,(anonymous_7)
FNDA:0,(anonymous_8)
FNDA:1,(anonymous_9)
DA:1,3
DA:2,3
DA:3,3
DA:6,3
DA:10,0
DA:13,0
DA:14,0
DA:18,3
DA:22,3
DA:23,3
DA:24,3
DA:34,2
DA:36,1
DA:42,3
DA:43,5
DA:44,5
DA:46,5
DA:47,3
DA:50,2
DA:52,2
DA:57,1
DA:59,1
DA:65,3
DA:66,3
DA:67,3
DA:68,3
DA:70,3
DA:71,1
DA:74,2
DA:77,2
DA:78,1
DA:84,1
DA:92,2
DA:93,1
DA:96,1
DA:98,0
DA:104,3
DA:105,5
DA:106,5
DA:108,5
DA:114,4
DA:115,2
DA:118,2
DA:120,1
DA:126,3
DA:127,1
DA:128,1
DA:131,1
DA:133,0
DA:139,3
DA:140,0
DA:141,0
DA:142,0
DA:144,0
DA:145,0
DA:148,0
DA:150,0
DA:157,0
DA:158,0
DA:161,0
DA:167,0
DA:173,3
DA:174,0
DA:175,0
DA:176,0
DA:177,0
DA:179,0
DA:180,0
DA:184,0
DA:185,0
DA:186,0
DA:189,0
DA:194,0
DA:195,0
DA:198,0
DA:203,0
DA:205,0
DA:211,3
DA:212,1
DA:213,1
DA:216,1
DA:217,1
DA:218,1
DA:221,0
DA:226,0
DA:228,0
LF:86
LH:52
BRDA:6,0,0,3
BRDA:6,0,1,0
BRDA:46,1,0,3
BRDA:46,1,1,2
BRDA:46,2,0,5
BRDA:46,2,1,3
BRDA:46,2,2,3
BRDA:46,2,3,3
BRDA:46,2,4,2
BRDA:50,3,0,1
BRDA:50,3,1,1
BRDA:50,4,0,1
BRDA:50,4,1,1
BRDA:70,5,0,1
BRDA:70,5,1,2
BRDA:70,6,0,3
BRDA:70,6,1,2
BRDA:70,6,2,2
BRDA:70,6,3,2
BRDA:70,6,4,2
BRDA:74,7,0,1
BRDA:74,7,1,1
BRDA:74,8,0,1
BRDA:74,8,1,1
BRDA:77,9,0,1
BRDA:77,9,1,1
BRDA:92,10,0,1
BRDA:92,10,1,1
BRDA:114,11,0,2
BRDA:114,11,1,2
BRDA:144,12,0,0
BRDA:144,12,1,0
BRDA:144,13,0,0
BRDA:144,13,1,0
BRDA:157,14,0,0
BRDA:157,14,1,0
BRDA:162,15,0,0
BRDA:162,15,1,0
BRDA:179,16,0,0
BRDA:179,16,1,0
BRDA:179,17,0,0
BRDA:179,17,1,0
BRDA:179,17,2,0
BRDA:185,18,0,0
BRDA:185,18,1,0
BRDA:194,19,0,0
BRDA:194,19,1,0
BRDA:217,20,0,1
BRDA:217,20,1,0
BRF:49
BRH:30
end_of_record
TN:
SF:src\middlewares\auth.middleware.js
FN:4,(anonymous_0)
FN:25,(anonymous_1)
FN:27,(anonymous_2)
FNF:3
FNH:3
FNDA:25,(anonymous_0)
FNDA:12,(anonymous_1)
FNDA:10,(anonymous_2)
DA:1,3
DA:2,3
DA:4,3
DA:5,25
DA:6,25
DA:8,25
DA:9,5
DA:13,20
DA:15,20
DA:16,19
DA:18,19
DA:20,1
DA:25,3
DA:27,12
DA:28,10
DA:29,1
DA:31,9
DA:35,3
LF:18
LH:18
BRDA:8,0,0,5
BRDA:8,0,1,20
BRDA:8,1,0,25
BRDA:8,1,1,21
BRDA:28,2,0,1
BRDA:28,2,1,9
BRDA:28,3,0,10
BRDA:28,3,1,10
BRF:8
BRH:8
end_of_record
TN:
SF:src\routes\admin.routes.js
FNF:0
FNH:0
DA:1,2
DA:2,2
DA:3,2
DA:4,2
DA:6,2
DA:7,2
DA:8,2
DA:9,2
DA:11,2
LF:9
LH:9
BRF:0
BRH:0
end_of_record
TN:
SF:src\routes\auth.routes.js
FNF:0
FNH:0
DA:1,2
DA:2,2
DA:3,2
DA:4,2
DA:6,2
DA:7,2
DA:8,2
DA:9,2
DA:10,2
DA:12,2
DA:13,2
DA:14,2
DA:16,2
LF:13
LH:13
BRF:0
BRH:0
end_of_record
TN:
SF:src\routes\pedidos.routes.js
FNF:0
FNH:0
DA:1,2
DA:2,2
DA:4,2
DA:5,2
DA:7,2
DA:8,2
DA:9,2
DA:11,2
LF:8
LH:8
BRF:0
BRH:0
end_of_record
TN:
SF:src\routes\productos.routes.js
FNF:0
FNH:0
DA:1,2
DA:2,2
DA:4,2
DA:5,2
DA:7,2
DA:8,2
DA:10,2
DA:11,2
DA:12,2
DA:13,2
DA:15,2
DA:16,2
DA:18,2
LF:13
LH:13
BRF:0
BRH:0
end_of_record
TN:
SF:src\utils\security.js
FN:5,(anonymous_0)
FN:9,(anonymous_1)
FN:13,(anonymous_2)
FNF:3
FNH:3
FNDA:2,(anonymous_0)
FNDA:5,(anonymous_1)
FNDA:2,(anonymous_2)
DA:1,2
DA:2,2
DA:3,2
DA:5,2
DA:6,2
DA:9,2
DA:10,5
DA:13,2
DA:14,2
DA:17,2
LF:10
LH:10
BRF:0
BRH:0
end_of_record
